{
  "Cucumber Features": {
    "coverage": {
      "/Users/malvika/Desktop/TexasA&M/606-SWE/PROJECT2/CSCE606-group5-project2/app/models/user.rb": {
        "lines": [
          1,
          1,
          1,
          1,
          1,
          1,
          null,
          1,
          1,
          1,
          null,
          null,
          null,
          1,
          0,
          0,
          0,
          0,
          null,
          null,
          null
        ]
      },
      "/Users/malvika/Desktop/TexasA&M/606-SWE/PROJECT2/CSCE606-group5-project2/app/models/application_record.rb": {
        "lines": [
          1,
          1,
          null
        ]
      },
      "/Users/malvika/Desktop/TexasA&M/606-SWE/PROJECT2/CSCE606-group5-project2/app/models/category.rb": {
        "lines": [
          1,
          1,
          null,
          1,
          1,
          null
        ]
      },
      "/Users/malvika/Desktop/TexasA&M/606-SWE/PROJECT2/CSCE606-group5-project2/app/controllers/home_controller.rb": {
        "lines": [
          1,
          1,
          null,
          1,
          0,
          null,
          0,
          null,
          0,
          0,
          null,
          null,
          0,
          null,
          null
        ]
      },
      "/Users/malvika/Desktop/TexasA&M/606-SWE/PROJECT2/CSCE606-group5-project2/app/controllers/application_controller.rb": {
        "lines": [
          1,
          null,
          1,
          1,
          null,
          null,
          1,
          63,
          null,
          null,
          null,
          1,
          9,
          null,
          null,
          null,
          1,
          9,
          9,
          null,
          null,
          null
        ]
      },
      "/Users/malvika/Desktop/TexasA&M/606-SWE/PROJECT2/CSCE606-group5-project2/app/helpers/application_helper.rb": {
        "lines": [
          1,
          null
        ]
      },
      "/Users/malvika/Desktop/TexasA&M/606-SWE/PROJECT2/CSCE606-group5-project2/app/helpers/home_helper.rb": {
        "lines": [
          1,
          null
        ]
      },
      "/Users/malvika/Desktop/TexasA&M/606-SWE/PROJECT2/CSCE606-group5-project2/app/helpers/items_helper.rb": {
        "lines": [
          1,
          null
        ]
      },
      "/Users/malvika/Desktop/TexasA&M/606-SWE/PROJECT2/CSCE606-group5-project2/app/controllers/sessions_controller.rb": {
        "lines": [
          1,
          1,
          null,
          null,
          1,
          0,
          0,
          0,
          0,
          null,
          null,
          1,
          0,
          0,
          null,
          null,
          1,
          0,
          null,
          null
        ]
      },
      "/Users/malvika/Desktop/TexasA&M/606-SWE/PROJECT2/CSCE606-group5-project2/app/controllers/items_controller.rb": {
        "lines": [
          1,
          1,
          null,
          1,
          null,
          1,
          4,
          0,
          null,
          null,
          null,
          null,
          null,
          4,
          null,
          null,
          4,
          null,
          null,
          1,
          0,
          null,
          null,
          1,
          1,
          1,
          null,
          null,
          null,
          1,
          5,
          null,
          null,
          1,
          5,
          5,
          null,
          5,
          0,
          null,
          5,
          null,
          null,
          null,
          1,
          null,
          null,
          1,
          0,
          0,
          null,
          0,
          null,
          null,
          null,
          1,
          0,
          0,
          null,
          null,
          1,
          0,
          0,
          null,
          null,
          1,
          null,
          1,
          3,
          null,
          null,
          1,
          5,
          null,
          null,
          1,
          2,
          null,
          null
        ]
      },
      "/Users/malvika/Desktop/TexasA&M/606-SWE/PROJECT2/CSCE606-group5-project2/app/models/item.rb": {
        "lines": [
          1,
          1,
          1,
          null,
          1,
          1,
          null,
          1,
          1,
          1,
          null,
          1,
          null,
          1,
          9,
          2,
          null,
          null,
          null
        ]
      },
      "/Users/malvika/Desktop/TexasA&M/606-SWE/PROJECT2/CSCE606-group5-project2/app/models/message.rb": {
        "lines": [
          0,
          0,
          0,
          0,
          null,
          0,
          0,
          null,
          0,
          null,
          0,
          0,
          0,
          0
        ],
        "branches": {}
      },
      "/Users/malvika/Desktop/TexasA&M/606-SWE/PROJECT2/CSCE606-group5-project2/app/models/request.rb": {
        "lines": [
          0,
          0,
          0,
          null,
          0,
          null,
          0,
          0,
          0,
          0,
          0,
          null,
          0,
          null,
          0,
          0,
          0,
          0
        ],
        "branches": {}
      }
    },
    "timestamp": 1761246887
  },
  "RSpec": {
    "coverage": {
      "/Users/malvika/Desktop/TexasA&M/606-SWE/PROJECT2/CSCE606-group5-project2/app/helpers/application_helper.rb": {
        "lines": [
          1,
          null
        ]
      },
      "/Users/malvika/Desktop/TexasA&M/606-SWE/PROJECT2/CSCE606-group5-project2/app/helpers/home_helper.rb": {
        "lines": [
          1,
          null
        ]
      },
      "/Users/malvika/Desktop/TexasA&M/606-SWE/PROJECT2/CSCE606-group5-project2/app/helpers/items_helper.rb": {
        "lines": [
          1,
          null
        ]
      },
      "/Users/malvika/Desktop/TexasA&M/606-SWE/PROJECT2/CSCE606-group5-project2/app/controllers/items_controller.rb": {
        "lines": [
          1,
          1,
          null,
          1,
          null,
          1,
          4,
          2,
          null,
          null,
          null,
          null,
          null,
          2,
          null,
          null,
          4,
          null,
          null,
          1,
          2,
          null,
          null,
          1,
          3,
          1,
          null,
          null,
          null,
          1,
          1,
          null,
          null,
          1,
          5,
          5,
          null,
          5,
          3,
          null,
          2,
          null,
          null,
          null,
          1,
          null,
          null,
          1,
          3,
          2,
          null,
          1,
          null,
          null,
          null,
          1,
          2,
          2,
          null,
          null,
          1,
          2,
          2,
          null,
          null,
          1,
          null,
          1,
          18,
          null,
          null,
          1,
          8,
          null,
          null,
          1,
          15,
          null,
          null
        ]
      },
      "/Users/malvika/Desktop/TexasA&M/606-SWE/PROJECT2/CSCE606-group5-project2/app/controllers/application_controller.rb": {
        "lines": [
          1,
          null,
          1,
          1,
          null,
          null,
          1,
          0,
          null,
          null,
          null,
          1,
          0,
          null,
          null,
          null,
          1,
          0,
          0,
          null,
          null,
          null
        ]
      },
      "/Users/malvika/Desktop/TexasA&M/606-SWE/PROJECT2/CSCE606-group5-project2/app/models/user.rb": {
        "lines": [
          1,
          1,
          1,
          1,
          1,
          1,
          null,
          1,
          1,
          1,
          null,
          null,
          null,
          1,
          0,
          0,
          0,
          0,
          null,
          null,
          null
        ]
      },
      "/Users/malvika/Desktop/TexasA&M/606-SWE/PROJECT2/CSCE606-group5-project2/app/models/application_record.rb": {
        "lines": [
          1,
          1,
          null
        ]
      },
      "/Users/malvika/Desktop/TexasA&M/606-SWE/PROJECT2/CSCE606-group5-project2/app/models/category.rb": {
        "lines": [
          1,
          1,
          null,
          1,
          1,
          null
        ]
      },
      "/Users/malvika/Desktop/TexasA&M/606-SWE/PROJECT2/CSCE606-group5-project2/app/models/item.rb": {
        "lines": [
          1,
          1,
          1,
          null,
          1,
          1,
          null,
          1,
          1,
          1,
          null,
          1,
          null,
          1,
          65,
          2,
          null,
          null,
          null
        ]
      },
      "/Users/malvika/Desktop/TexasA&M/606-SWE/PROJECT2/CSCE606-group5-project2/app/models/request.rb": {
        "lines": [
          1,
          1,
          1,
          null,
          1,
          null,
          1,
          1,
          1,
          1,
          1,
          null,
          1,
          null,
          1,
          0,
          null,
          null
        ]
      },
      "/Users/malvika/Desktop/TexasA&M/606-SWE/PROJECT2/CSCE606-group5-project2/app/controllers/home_controller.rb": {
        "lines": [
          0,
          0,
          null,
          0,
          0,
          null,
          0,
          null,
          0,
          0,
          0,
          null,
          0,
          0,
          0
        ],
        "branches": {}
      },
      "/Users/malvika/Desktop/TexasA&M/606-SWE/PROJECT2/CSCE606-group5-project2/app/controllers/sessions_controller.rb": {
        "lines": [
          0,
          0,
          null,
          0,
          0,
          0,
          0,
          0,
          0,
          0,
          null,
          0,
          0,
          0,
          0,
          null,
          0,
          0,
          0,
          0
        ],
        "branches": {}
      },
      "/Users/malvika/Desktop/TexasA&M/606-SWE/PROJECT2/CSCE606-group5-project2/app/jobs/application_job.rb": {
        "lines": [
          0,
          null,
          null,
          null,
          null,
          null,
          0
        ],
        "branches": {}
      },
      "/Users/malvika/Desktop/TexasA&M/606-SWE/PROJECT2/CSCE606-group5-project2/app/mailers/application_mailer.rb": {
        "lines": [
          0,
          0,
          0,
          0
        ],
        "branches": {}
      },
      "/Users/malvika/Desktop/TexasA&M/606-SWE/PROJECT2/CSCE606-group5-project2/app/models/message.rb": {
        "lines": [
          0,
          0,
          0,
          0,
          null,
          0,
          0,
          null,
          0,
          null,
          0,
          0,
          0,
          0
        ],
        "branches": {}
      }
    },
    "timestamp": 1761243631
  }
}
